<?xml version="1.0" encoding="UTF-8"?>
<!-- Generated by org.testng.reporters.JUnitReportReporter -->
<testsuite skipped="0" hostname="dell-PC" name="com.praticeflipkart.testcases.ElectronicsMobileTest" tests="1" failures="0" timestamp="2020-10-17T21:25:03 IST" time="25.124" errors="0">
  <testcase name="electronicsMobile" time="25.124" classname="com.praticeflipkart.testcases.ElectronicsMobileTest"/>
  <system-out/>
</testsuite> <!-- com.praticeflipkart.testcases.ElectronicsMobileTest -->
