<?xml version="1.0" encoding="UTF-8"?>
<!-- Generated by org.testng.reporters.JUnitReportReporter -->
<testsuite skipped="0" hostname="dell-PC" name="com.seleniumeasy.testcases.DownloadFileTest" tests="2" failures="0" timestamp="2020-11-05T22:03:04 IST" time="28.975" errors="0">
  <testcase name="TC_001_uploadFile" time="16.111" classname="com.seleniumeasy.testcases.DownloadFileTest"/>
  <system-out/>
  <testcase name="TC_002_verify_FileDownload" time="12.864" classname="com.seleniumeasy.testcases.DownloadFileTest"/>
  <system-out/>
</testsuite> <!-- com.seleniumeasy.testcases.DownloadFileTest -->
