<?xml version="1.0" encoding="UTF-8"?>
<!-- Generated by org.testng.reporters.JUnitReportReporter -->
<testsuite skipped="0" hostname="dell-PC" name="com.seleniumeasy.testcases.RadioButtonTest" tests="2" failures="0" timestamp="2020-10-11T19:09:53 IST" time="37.911" errors="0">
  <testcase name="radioButtonsDemo" time="17.213" classname="com.seleniumeasy.testcases.RadioButtonTest"/>
  <system-out/>
  <testcase name="radioButtonsDemo1" time="20.698" classname="com.seleniumeasy.testcases.RadioButtonTest"/>
  <system-out/>
</testsuite> <!-- com.seleniumeasy.testcases.RadioButtonTest -->
