<?xml version="1.0" encoding="UTF-8"?>
<!-- Generated by org.testng.reporters.JUnitReportReporter -->
<testsuite skipped="4" hostname="dell-PC" name="com.praticeflipkart.testcases.LoginTest" tests="5" failures="0" timestamp="2020-11-23T14:37:37 IST" time="41.003" errors="0">
  <testcase name="TC_005_searchProducts" time="41.003" classname="com.praticeflipkart.testcases.LoginTest"/>
  <system-out/>
  <testcase name="TC_002_flipKartLogin" classname="com.praticeflipkart.testcases.LoginTest">
    <skipped/>
  </testcase> <!-- TC_002_flipKartLogin -->
  <system-out/>
  <testcase name="TC_004_flipKartLogin" classname="com.praticeflipkart.testcases.LoginTest">
    <skipped/>
  </testcase> <!-- TC_004_flipKartLogin -->
  <system-out/>
  <testcase name="TC_003_flipKartLogin" classname="com.praticeflipkart.testcases.LoginTest">
    <skipped/>
  </testcase> <!-- TC_003_flipKartLogin -->
  <system-out/>
  <testcase name="TC_001_flipKartLogin" classname="com.praticeflipkart.testcases.LoginTest">
    <skipped/>
  </testcase> <!-- TC_001_flipKartLogin -->
  <system-out/>
</testsuite> <!-- com.praticeflipkart.testcases.LoginTest -->
