<?xml version="1.0" encoding="UTF-8"?>
<!-- Generated by org.testng.reporters.JUnitReportReporter -->
<testsuite skipped="0" hostname="dell-PC" name="com.seleniumeasy.testcases.AlertPopUpTest" tests="3" failures="0" timestamp="2020-12-17T21:35:32 IST" time="51.252" errors="0">
  <testcase name="TC_001_switchToAlert" time="13.873" classname="com.seleniumeasy.testcases.AlertPopUpTest"/>
  <system-out/>
  <testcase name="TC_003_switchToAlert" time="16.340" classname="com.seleniumeasy.testcases.AlertPopUpTest"/>
  <system-out/>
  <testcase name="TC_002_switchToAlert" time="21.039" classname="com.seleniumeasy.testcases.AlertPopUpTest"/>
  <system-out/>
</testsuite> <!-- com.seleniumeasy.testcases.AlertPopUpTest -->
