<?xml version="1.0" encoding="UTF-8"?>
<!-- Generated by org.testng.reporters.JUnitReportReporter -->
<testsuite skipped="2" hostname="dell-PC" name="com.praticeflipkart.testcases.LoginTest" tests="6" failures="0" timestamp="2020-10-24T20:09:55 IST" time="83.265" errors="1">
  <testcase name="TC_003_flipKartLogin" time="24.890" classname="com.praticeflipkart.testcases.LoginTest"/>
  <system-out/>
  <testcase name="TC_002_flipKartLogin" time="16.863" classname="com.praticeflipkart.testcases.LoginTest"/>
  <system-out/>
  <testcase name="launch" time="37.458" classname="com.praticeflipkart.testcases.LoginTest">
    <error type="org.openqa.selenium.SessionNotCreatedException" message="session not created
from disconnected: received Inspector.detached event
  (Session info: chrome=86.0.4240.111)
Build info: version: &#039;4.0.0-alpha-6&#039;, revision: &#039;5f43a29cfc&#039;
System info: host: &#039;DELL-PC&#039;, ip: &#039;192.168.43.45&#039;, os.name: &#039;Windows 7&#039;, os.arch: &#039;amd64&#039;, os.version: &#039;6.1&#039;, java.version: &#039;1.8.0_201&#039;
Driver info: driver.version: ChromeDriver
remote stacktrace: Backtrace:
	Ordinal0 [0x003DC013+3194899]
	Ordinal0 [0x002C6021+2056225]
	Ordinal0 [0x0015F608+587272]
	Ordinal0 [0x0015421D+541213]
	Ordinal0 [0x00153F34+540468]
	Ordinal0 [0x0015364A+538186]
	Ordinal0 [0x00152A6F+535151]
	Ordinal0 [0x00152E45+536133]
	Ordinal0 [0x001527A5+534437]
	Ordinal0 [0x0015BBC9+572361]
	Ordinal0 [0x00152754+534356]
	Ordinal0 [0x00153475+537717]
	Ordinal0 [0x00152A6F+535151]
	Ordinal0 [0x00152E45+536133]
	Ordinal0 [0x001527A5+534437]
	Ordinal0 [0x00159EFE+564990]
	Ordinal0 [0x00152754+534356]
	Ordinal0 [0x00153475+537717]
	Ordinal0 [0x00152A6F+535151]
	Ordinal0 [0x00152E45+536133]
	Ordinal0 [0x001527A5+534437]
	Ordinal0 [0x00158186+557446]
	Ordinal0 [0x00152754+534356]
	Ordinal0 [0x00153475+537717]
	Ordinal0 [0x00152A6F+535151]
	Ordinal0 [0x00152E45+536133]
	Ordinal0 [0x001527A5+534437]
	Ordinal0 [0x001574A7+554151]
	Ordinal0 [0x00152754+534356]
	Ordinal0 [0x00153475+537717]
	Ordinal0 [0x00152A6F+535151]
	Ordinal0 [0x00152E45+536133]
	Ordinal0 [0x001527A5+534437]
	Ordinal0 [0x0014F06C+520300]
	Ordinal0 [0x00152754+534356]
	Ordinal0 [0x001525BF+533951]
	Ordinal0 [0x001523D3+533459]
	Ordinal0 [0x00160620+591392]
	Ordinal0 [0x00102A0C+207372]
	Ordinal0 [0x00101D0D+204045]
	Ordinal0 [0x000FFC1B+195611]
	Ordinal0 [0x000E3B7F+80767]
	Ordinal0 [0x000E4B4E+84814]
	Ordinal0 [0x000E4AD9+84697]
	Ordinal0 [0x002DCE64+2149988]
	GetHandleVerifier [0x0054BE95+1400773]
	GetHandleVerifier [0x0054BB61+1399953]
	GetHandleVerifier [0x005531FA+1430314]
	GetHandleVerifier [0x0054C69F+1402831]
	Ordinal0 [0x002D3D61+2112865]
	Ordinal0 [0x002DE5CB+2155979]
	Ordinal0 [0x002DE6F5+2156277]
	Ordinal0 [0x002EF26E+2224750]
	BaseThreadInitThunk [0x74A6336A+18]
	RtlInitializeExceptionChain [0x770998F2+99]
	RtlInitializeExceptionChain [0x770998C5+54]
">
      <![CDATA[org.openqa.selenium.SessionNotCreatedException: session not created
from disconnected: received Inspector.detached event
  (Session info: chrome=86.0.4240.111)
Build info: version: '4.0.0-alpha-6', revision: '5f43a29cfc'
System info: host: 'DELL-PC', ip: '192.168.43.45', os.name: 'Windows 7', os.arch: 'amd64', os.version: '6.1', java.version: '1.8.0_201'
Driver info: driver.version: ChromeDriver
remote stacktrace: Backtrace:
Ordinal0 [0x003DC013+3194899]
Ordinal0 [0x002C6021+2056225]
Ordinal0 [0x0015F608+587272]
Ordinal0 [0x0015421D+541213]
Ordinal0 [0x00153F34+540468]
Ordinal0 [0x0015364A+538186]
Ordinal0 [0x00152A6F+535151]
Ordinal0 [0x00152E45+536133]
Ordinal0 [0x001527A5+534437]
Ordinal0 [0x0015BBC9+572361]
Ordinal0 [0x00152754+534356]
Ordinal0 [0x00153475+537717]
Ordinal0 [0x00152A6F+535151]
Ordinal0 [0x00152E45+536133]
Ordinal0 [0x001527A5+534437]
Ordinal0 [0x00159EFE+564990]
Ordinal0 [0x00152754+534356]
Ordinal0 [0x00153475+537717]
Ordinal0 [0x00152A6F+535151]
Ordinal0 [0x00152E45+536133]
Ordinal0 [0x001527A5+534437]
Ordinal0 [0x00158186+557446]
Ordinal0 [0x00152754+534356]
Ordinal0 [0x00153475+537717]
Ordinal0 [0x00152A6F+535151]
Ordinal0 [0x00152E45+536133]
Ordinal0 [0x001527A5+534437]
Ordinal0 [0x001574A7+554151]
Ordinal0 [0x00152754+534356]
Ordinal0 [0x00153475+537717]
Ordinal0 [0x00152A6F+535151]
Ordinal0 [0x00152E45+536133]
Ordinal0 [0x001527A5+534437]
Ordinal0 [0x0014F06C+520300]
Ordinal0 [0x00152754+534356]
Ordinal0 [0x001525BF+533951]
Ordinal0 [0x001523D3+533459]
Ordinal0 [0x00160620+591392]
Ordinal0 [0x00102A0C+207372]
Ordinal0 [0x00101D0D+204045]
Ordinal0 [0x000FFC1B+195611]
Ordinal0 [0x000E3B7F+80767]
Ordinal0 [0x000E4B4E+84814]
Ordinal0 [0x000E4AD9+84697]
Ordinal0 [0x002DCE64+2149988]
GetHandleVerifier [0x0054BE95+1400773]
GetHandleVerifier [0x0054BB61+1399953]
GetHandleVerifier [0x005531FA+1430314]
GetHandleVerifier [0x0054C69F+1402831]
Ordinal0 [0x002D3D61+2112865]
Ordinal0 [0x002DE5CB+2155979]
Ordinal0 [0x002DE6F5+2156277]
Ordinal0 [0x002EF26E+2224750]
BaseThreadInitThunk [0x74A6336A+18]
RtlInitializeExceptionChain [0x770998F2+99]
RtlInitializeExceptionChain [0x770998C5+54]

at sun.reflect.NativeConstructorAccessorImpl.newInstance0(Native Method)
at sun.reflect.NativeConstructorAccessorImpl.newInstance(Unknown Source)
at sun.reflect.DelegatingConstructorAccessorImpl.newInstance(Unknown Source)
at java.lang.reflect.Constructor.newInstance(Unknown Source)
at org.openqa.selenium.remote.W3CHandshakeResponse.lambda$errorHandler$0(W3CHandshakeResponse.java:62)
at org.openqa.selenium.remote.HandshakeResponse.lambda$getResponseFunction$0(HandshakeResponse.java:30)
at org.openqa.selenium.remote.ProtocolHandshake.lambda$createSession$1(ProtocolHandshake.java:126)
at java.util.stream.ReferencePipeline$3$1.accept(Unknown Source)
at java.util.Spliterators$ArraySpliterator.tryAdvance(Unknown Source)
at java.util.stream.ReferencePipeline.forEachWithCancel(Unknown Source)
at java.util.stream.AbstractPipeline.copyIntoWithCancel(Unknown Source)
at java.util.stream.AbstractPipeline.copyInto(Unknown Source)
at java.util.stream.AbstractPipeline.wrapAndCopyInto(Unknown Source)
at java.util.stream.FindOps$FindOp.evaluateSequential(Unknown Source)
at java.util.stream.AbstractPipeline.evaluate(Unknown Source)
at java.util.stream.ReferencePipeline.findFirst(Unknown Source)
at org.openqa.selenium.remote.ProtocolHandshake.createSession(ProtocolHandshake.java:128)
at org.openqa.selenium.remote.ProtocolHandshake.createSession(ProtocolHandshake.java:75)
at org.openqa.selenium.remote.HttpCommandExecutor.execute(HttpCommandExecutor.java:138)
at org.openqa.selenium.remote.service.DriverCommandExecutor.execute(DriverCommandExecutor.java:83)
at org.openqa.selenium.remote.RemoteWebDriver.execute(RemoteWebDriver.java:582)
at org.openqa.selenium.remote.RemoteWebDriver.startSession(RemoteWebDriver.java:216)
at org.openqa.selenium.remote.RemoteWebDriver.<init>(RemoteWebDriver.java:136)
at org.openqa.selenium.chromium.ChromiumDriver.<init>(ChromiumDriver.java:75)
at org.openqa.selenium.chrome.ChromeDriver.<init>(ChromeDriver.java:163)
at org.openqa.selenium.chrome.ChromeDriver.<init>(ChromeDriver.java:150)
at org.openqa.selenium.chrome.ChromeDriver.<init>(ChromeDriver.java:105)
at com.praticeflipkart.browser.Base.browserLaunch(Base.java:40)
at com.praticeflipkart.testcases.LoginTest.launch(LoginTest.java:23)
at sun.reflect.NativeMethodAccessorImpl.invoke0(Native Method)
at sun.reflect.NativeMethodAccessorImpl.invoke(Unknown Source)
at sun.reflect.DelegatingMethodAccessorImpl.invoke(Unknown Source)
at java.lang.reflect.Method.invoke(Unknown Source)
at org.testng.internal.MethodInvocationHelper.invokeMethod(MethodInvocationHelper.java:132)
at org.testng.internal.MethodInvocationHelper.invokeMethodConsideringTimeout(MethodInvocationHelper.java:61)
at org.testng.internal.ConfigInvoker.invokeConfigurationMethod(ConfigInvoker.java:366)
at org.testng.internal.ConfigInvoker.invokeConfigurations(ConfigInvoker.java:320)
at org.testng.internal.TestInvoker.runConfigMethods(TestInvoker.java:701)
at org.testng.internal.TestInvoker.invokeMethod(TestInvoker.java:527)
at org.testng.internal.TestInvoker.invokeTestMethod(TestInvoker.java:174)
at org.testng.internal.MethodRunner.runInSequence(MethodRunner.java:46)
at org.testng.internal.TestInvoker$MethodInvocationAgent.invoke(TestInvoker.java:822)
at org.testng.internal.TestInvoker.invokeTestMethods(TestInvoker.java:147)
at org.testng.internal.TestMethodWorker.invokeTestMethods(TestMethodWorker.java:146)
at org.testng.internal.TestMethodWorker.run(TestMethodWorker.java:128)
at java.util.ArrayList.forEach(Unknown Source)
at org.testng.TestRunner.privateRun(TestRunner.java:764)
at org.testng.TestRunner.run(TestRunner.java:585)
at org.testng.SuiteRunner.runTest(SuiteRunner.java:384)
at org.testng.SuiteRunner.runSequentially(SuiteRunner.java:378)
at org.testng.SuiteRunner.privateRun(SuiteRunner.java:337)
at org.testng.SuiteRunner.run(SuiteRunner.java:286)
at org.testng.SuiteRunnerWorker.runSuite(SuiteRunnerWorker.java:53)
at org.testng.SuiteRunnerWorker.run(SuiteRunnerWorker.java:96)
at org.testng.TestNG.runSuitesSequentially(TestNG.java:1218)
at org.testng.TestNG.runSuitesLocally(TestNG.java:1140)
at org.testng.TestNG.runSuites(TestNG.java:1069)
at org.testng.TestNG.run(TestNG.java:1037)
at org.testng.remote.AbstractRemoteTestNG.run(AbstractRemoteTestNG.java:115)
at org.testng.remote.RemoteTestNG.initAndRun(RemoteTestNG.java:251)
at org.testng.remote.RemoteTestNG.main(RemoteTestNG.java:77)
]]>
    </error>
  </testcase> <!-- launch -->
  <system-out/>
  <testcase name="TC_004_flipKartLogin" time="0.000" classname="com.praticeflipkart.testcases.LoginTest">
    <skipped/>
  </testcase> <!-- TC_004_flipKartLogin -->
  <system-out/>
  <testcase name="TC_001_flipKartLogin" time="4.054" classname="com.praticeflipkart.testcases.LoginTest"/>
  <system-out/>
  <testcase name="TC_005_searchProducts" classname="com.praticeflipkart.testcases.LoginTest">
    <skipped/>
  </testcase> <!-- TC_005_searchProducts -->
  <system-out/>
</testsuite> <!-- com.praticeflipkart.testcases.LoginTest -->
