<?xml version="1.0" encoding="UTF-8"?>
<!-- Generated by org.testng.reporters.JUnitReportReporter -->
<testsuite skipped="0" hostname="dell-PC" name="com.seleniumeasy.testcases.UploadFileTest" tests="1" failures="0" timestamp="2020-10-25T16:01:57 IST" time="18.139" errors="0">
  <testcase name="TC_001_uploadFile" time="18.139" classname="com.seleniumeasy.testcases.UploadFileTest"/>
  <system-out/>
</testsuite> <!-- com.seleniumeasy.testcases.UploadFileTest -->
