<?xml version="1.0" encoding="UTF-8"?>
<!-- Generated by org.testng.reporters.JUnitReportReporter -->
<testsuite skipped="0" hostname="dell-PC" name="com.praticeflipkart.testcases.LoginTestcase" tests="1" failures="0" timestamp="2020-10-07T08:14:51 IST" time="14.864" errors="0">
  <testcase name="flipKartLogin" time="14.864" classname="com.praticeflipkart.testcases.LoginTestcase"/>
  <system-out/>
</testsuite> <!-- com.praticeflipkart.testcases.LoginTestcase -->
