<?xml version="1.0" encoding="UTF-8"?>
<!-- Generated by org.testng.reporters.JUnitReportReporter -->
<testsuite skipped="0" hostname="dell-PC" name="com.seleniumeasy.testcases.DragAndDropTest" tests="1" failures="0" timestamp="2020-10-17T21:11:03 IST" time="26.473" errors="0">
  <testcase name="dragAndDrop" time="26.473" classname="com.seleniumeasy.testcases.DragAndDropTest"/>
  <system-out/>
</testsuite> <!-- com.seleniumeasy.testcases.DragAndDropTest -->
