<?xml version="1.0" encoding="UTF-8"?>
<!-- Generated by org.testng.reporters.JUnitReportReporter -->
<testsuite skipped="0" hostname="dell-PC" name="com.seleniumeasy.testcases.DropDownTest" tests="1" failures="0" timestamp="2020-10-10T22:27:51 IST" time="76.669" errors="0">
  <testcase name="selectDropDown" time="76.669" classname="com.seleniumeasy.testcases.DropDownTest"/>
  <system-out/>
</testsuite> <!-- com.seleniumeasy.testcases.DropDownTest -->
