<?xml version="1.0" encoding="UTF-8"?>
<!-- Generated by org.testng.reporters.JUnitReportReporter -->
<testsuite skipped="2" hostname="dell-PC" name="com.seleniumeasy.testcases.AlertPopUpTest" tests="3" failures="0" timestamp="2020-10-18T19:48:24 IST" time="40.996" errors="0">
  <testcase name="TC_003_switchToAlert" time="40.996" classname="com.seleniumeasy.testcases.AlertPopUpTest"/>
  <system-out/>
  <testcase name="TC_002_switchToAlert" classname="com.seleniumeasy.testcases.AlertPopUpTest">
    <skipped/>
  </testcase> <!-- TC_002_switchToAlert -->
  <system-out/>
  <testcase name="TC_001_switchToAlert" classname="com.seleniumeasy.testcases.AlertPopUpTest">
    <skipped/>
  </testcase> <!-- TC_001_switchToAlert -->
  <system-out/>
</testsuite> <!-- com.seleniumeasy.testcases.AlertPopUpTest -->
