<?xml version="1.0" encoding="UTF-8"?>
<!-- Generated by org.testng.reporters.JUnitReportReporter -->
<testsuite skipped="0" hostname="dell-PC" name="com.seleniumeasy.testcases.CheckBoxTest" tests="1" failures="0" timestamp="2020-10-11T19:05:52 IST" time="19.669" errors="0">
  <testcase name="checkBoxsDemo" time="19.669" classname="com.seleniumeasy.testcases.CheckBoxTest"/>
  <system-out/>
</testsuite> <!-- com.seleniumeasy.testcases.CheckBoxTest -->
