<?xml version="1.0" encoding="UTF-8"?>
<!-- Generated by org.testng.reporters.JUnitReportReporter -->
<testsuite skipped="0" hostname="dell-PC" name="com.seleniumeasy.testcases.InputFormsTest" tests="2" failures="0" timestamp="2020-10-09T20:19:45 IST" time="39.695" errors="0">
  <testcase name="sampleForDemo" time="20.392" classname="com.seleniumeasy.testcases.InputFormsTest"/>
  <system-out/>
  <testcase name="tearDown" time="19.303" classname="com.seleniumeasy.testcases.InputFormsTest"/>
  <system-out/>
</testsuite> <!-- com.seleniumeasy.testcases.InputFormsTest -->
