<?xml version="1.0" encoding="UTF-8"?>
<!-- Generated by org.testng.reporters.JUnitReportReporter -->
<testsuite skipped="0" hostname="dell-PC" name="com.seleniumeasy.testcases.SelectDropDownTest" tests="1" failures="0" timestamp="2020-10-21T21:04:42 IST" time="20.287" errors="0">
  <testcase name="selectDropDown" time="20.287" classname="com.seleniumeasy.testcases.SelectDropDownTest"/>
  <system-out/>
</testsuite> <!-- com.seleniumeasy.testcases.SelectDropDownTest -->
