<?xml version="1.0" encoding="UTF-8"?>
<!-- Generated by org.testng.reporters.JUnitReportReporter -->
<testsuite skipped="1" hostname="dell-PC" name="com.praticeflipkart.testcases.LoginTest" tests="5" failures="0" timestamp="2020-10-27T22:07:06 IST" time="67.546" errors="0">
  <testcase name="TC_001_flipKartLogin" time="16.918" classname="com.praticeflipkart.testcases.LoginTest"/>
  <system-out/>
  <testcase name="TC_002_flipKartLogin" time="19.196" classname="com.praticeflipkart.testcases.LoginTest"/>
  <system-out/>
  <testcase name="TC_004_flipKartLogin" time="15.704" classname="com.praticeflipkart.testcases.LoginTest"/>
  <system-out/>
  <testcase name="TC_003_flipKartLogin" time="15.728" classname="com.praticeflipkart.testcases.LoginTest"/>
  <system-out/>
  <testcase name="TC_005_searchProducts" classname="com.praticeflipkart.testcases.LoginTest">
    <skipped/>
  </testcase> <!-- TC_005_searchProducts -->
  <system-out/>
</testsuite> <!-- com.praticeflipkart.testcases.LoginTest -->
